<?xml version="1.0" encoding="UTF-8"?>
<!-- Generated by org.testng.reporters.JUnitReportReporter -->
<testsuite hostname="ATMECSBLRLT-109" failures="0" tests="1" name="com.atmecs.nsm.demo.ACI_Xem_Falcon_Test.testscript.SampleTestScript" time="0.018" errors="1" timestamp="2024-04-25T20:34:32 IST" skipped="0">
  <testcase classname="com.atmecs.nsm.demo.ACI_Xem_Falcon_Test.testscript.SampleTestScript" name="sampleTest" time="0.018">
    <error message="No enum constant com.atmecs.falcon.automation.util.enums.BrowserType.PARAM-VAL-NOT-FOUND" type="java.lang.IllegalArgumentException">
      <![CDATA[java.lang.IllegalArgumentException: No enum constant com.atmecs.falcon.automation.util.enums.BrowserType.PARAM-VAL-NOT-FOUND
at java.base/java.lang.Enum.valueOf(Enum.java:273)
at com.atmecs.falcon.automation.util.enums.BrowserType.valueOf(BrowserType.java:1)
at com.atmecs.falcon.automation.ui.selenium.RunModeLocal.<init>(RunModeLocal.java:29)
at com.atmecs.falcon.automation.ui.selenium.RunModeFactory.getRunMode(RunModeFactory.java:35)
at com.atmecs.falcon.automation.ui.selenium.Browser.openURL(Browser.java:372)
at com.atmecs.nsm.demo.ACI_Xem_Falcon_Test.testscript.SampleTestScript.sampleTest(SampleTestScript.java:23)
at java.base/jdk.internal.reflect.NativeMethodAccessorImpl.invoke0(Native Method)
at java.base/jdk.internal.reflect.NativeMethodAccessorImpl.invoke(NativeMethodAccessorImpl.java:64)
at java.base/jdk.internal.reflect.DelegatingMethodAccessorImpl.invoke(DelegatingMethodAccessorImpl.java:43)
at java.base/java.lang.reflect.Method.invoke(Method.java:564)
at org.testng.internal.MethodInvocationHelper.invokeMethod(MethodInvocationHelper.java:133)
at org.testng.internal.TestInvoker.invokeMethod(TestInvoker.java:598)
at org.testng.internal.TestInvoker.invokeTestMethod(TestInvoker.java:173)
at org.testng.internal.MethodRunner.runInSequence(MethodRunner.java:46)
at org.testng.internal.TestInvoker$MethodInvocationAgent.invoke(TestInvoker.java:824)
at org.testng.internal.TestInvoker.invokeTestMethods(TestInvoker.java:146)
at org.testng.internal.TestMethodWorker.invokeTestMethods(TestMethodWorker.java:146)
at org.testng.internal.TestMethodWorker.run(TestMethodWorker.java:128)
at java.base/java.util.ArrayList.forEach(ArrayList.java:1511)
at org.testng.TestRunner.privateRun(TestRunner.java:794)
at org.testng.TestRunner.run(TestRunner.java:596)
at org.testng.SuiteRunner.runTest(SuiteRunner.java:377)
at org.testng.SuiteRunner.runSequentially(SuiteRunner.java:371)
at org.testng.SuiteRunner.privateRun(SuiteRunner.java:332)
at org.testng.SuiteRunner.run(SuiteRunner.java:276)
at org.testng.SuiteRunnerWorker.runSuite(SuiteRunnerWorker.java:53)
at org.testng.SuiteRunnerWorker.run(SuiteRunnerWorker.java:96)
at org.testng.TestNG.runSuitesSequentially(TestNG.java:1212)
at org.testng.TestNG.runSuitesLocally(TestNG.java:1134)
at org.testng.TestNG.runSuites(TestNG.java:1063)
at org.testng.TestNG.run(TestNG.java:1031)
at org.testng.remote.AbstractRemoteTestNG.run(AbstractRemoteTestNG.java:115)
at org.testng.remote.RemoteTestNG.initAndRun(RemoteTestNG.java:251)
at org.testng.remote.RemoteTestNG.main(RemoteTestNG.java:77)
]]>
    </error>
  </testcase> <!-- sampleTest -->
  <system-out>
    <![CDATA[Opening browser: param-val-not-found]]>
  </system-out>
</testsuite> <!-- com.atmecs.nsm.demo.ACI_Xem_Falcon_Test.testscript.SampleTestScript -->
